{"c:\\development\\categories\\node\\mpm.express.rest\\index.js":{"path":"c:\\development\\categories\\node\\mpm.express.rest\\index.js","s":{"1":1},"b":{},"f":{},"fnMap":{},"statementMap":{"1":{"start":{"line":2,"column":0},"end":{"line":2,"column":39}}},"branchMap":{}},"c:\\development\\categories\\node\\mpm.express.rest\\lib\\rest.js":{"path":"c:\\development\\categories\\node\\mpm.express.rest\\lib\\rest.js","s":{"1":1,"2":1,"3":1,"4":1,"5":0,"6":0,"7":0,"8":0,"9":0,"10":0,"11":0,"12":0,"13":0,"14":0,"15":0,"16":0,"17":0,"18":1},"b":{"1":[0,0],"2":[0,0]},"f":{"1":0},"fnMap":{"1":{"name":"(anonymous_1)","line":35,"loc":{"start":{"line":35,"column":14},"end":{"line":35,"column":53}}}},"statementMap":{"1":{"start":{"line":3,"column":0},"end":{"line":3,"column":18}},"2":{"start":{"line":5,"column":0},"end":{"line":5,"column":29}},"3":{"start":{"line":12,"column":0},"end":{"line":24,"column":2}},"4":{"start":{"line":35,"column":0},"end":{"line":51,"column":2}},"5":{"start":{"line":36,"column":2},"end":{"line":36,"column":32}},"6":{"start":{"line":37,"column":2},"end":{"line":39,"column":3}},"7":{"start":{"line":38,"column":4},"end":{"line":38,"column":17}},"8":{"start":{"line":40,"column":2},"end":{"line":40,"column":18}},"9":{"start":{"line":41,"column":2},"end":{"line":41,"column":42}},"10":{"start":{"line":42,"column":2},"end":{"line":42,"column":43}},"11":{"start":{"line":43,"column":2},"end":{"line":45,"column":3}},"12":{"start":{"line":44,"column":4},"end":{"line":44,"column":71}},"13":{"start":{"line":46,"column":2},"end":{"line":46,"column":26}},"14":{"start":{"line":47,"column":2},"end":{"line":47,"column":32}},"15":{"start":{"line":48,"column":2},"end":{"line":48,"column":40}},"16":{"start":{"line":49,"column":2},"end":{"line":49,"column":24}},"17":{"start":{"line":50,"column":2},"end":{"line":50,"column":20}},"18":{"start":{"line":53,"column":0},"end":{"line":53,"column":22}}},"branchMap":{"1":{"line":37,"type":"if","locations":[{"start":{"line":37,"column":2},"end":{"line":37,"column":2}},{"start":{"line":37,"column":2},"end":{"line":37,"column":2}}]},"2":{"line":43,"type":"if","locations":[{"start":{"line":43,"column":2},"end":{"line":43,"column":2}},{"start":{"line":43,"column":2},"end":{"line":43,"column":2}}]}}},"c:\\development\\categories\\node\\mpm.express.rest\\lib\\ModelNotFoundError.js":{"path":"c:\\development\\categories\\node\\mpm.express.rest\\lib\\ModelNotFoundError.js","s":{"1":1,"2":1,"3":2,"4":2,"5":1,"6":1,"7":1,"8":1,"9":1,"10":1,"11":1,"12":1,"13":1,"14":2,"15":2,"16":2,"17":2,"18":1,"19":1},"b":{"1":[2,0],"2":[2,0]},"f":{"1":1,"2":1,"3":1,"4":2},"fnMap":{"1":{"name":"(anonymous_1)","line":9,"loc":{"start":{"line":9,"column":14},"end":{"line":9,"column":38}}},"2":{"name":"ctor","line":9,"loc":{"start":{"line":9,"column":127},"end":{"line":9,"column":143}}},"3":{"name":"(anonymous_3)","line":11,"loc":{"start":{"line":11,"column":22},"end":{"line":11,"column":39}}},"4":{"name":"ModelNotFoundError","line":19,"loc":{"start":{"line":19,"column":2},"end":{"line":19,"column":39}}}},"statementMap":{"1":{"start":{"line":7,"column":0},"end":{"line":9,"column":290}},"2":{"start":{"line":9,"column":40},"end":{"line":9,"column":126}},"3":{"start":{"line":9,"column":66},"end":{"line":9,"column":124}},"4":{"start":{"line":9,"column":99},"end":{"line":9,"column":124}},"5":{"start":{"line":9,"column":127},"end":{"line":9,"column":172}},"6":{"start":{"line":9,"column":145},"end":{"line":9,"column":170}},"7":{"start":{"line":9,"column":173},"end":{"line":9,"column":207}},"8":{"start":{"line":9,"column":208},"end":{"line":9,"column":237}},"9":{"start":{"line":9,"column":238},"end":{"line":9,"column":273}},"10":{"start":{"line":9,"column":274},"end":{"line":9,"column":287}},"11":{"start":{"line":11,"column":0},"end":{"line":28,"column":10}},"12":{"start":{"line":12,"column":2},"end":{"line":12,"column":40}},"13":{"start":{"line":19,"column":2},"end":{"line":24,"column":3}},"14":{"start":{"line":20,"column":4},"end":{"line":20,"column":55}},"15":{"start":{"line":21,"column":4},"end":{"line":21,"column":68}},"16":{"start":{"line":22,"column":4},"end":{"line":22,"column":37}},"17":{"start":{"line":23,"column":4},"end":{"line":23,"column":37}},"18":{"start":{"line":26,"column":2},"end":{"line":26,"column":28}},"19":{"start":{"line":30,"column":0},"end":{"line":30,"column":36}}},"branchMap":{"1":{"line":9,"type":"if","locations":[{"start":{"line":9,"column":66},"end":{"line":9,"column":66}},{"start":{"line":9,"column":66},"end":{"line":9,"column":66}}]},"2":{"line":20,"type":"cond-expr","locations":[{"start":{"line":20,"column":37},"end":{"line":20,"column":44}},{"start":{"line":20,"column":47},"end":{"line":20,"column":54}}]}}},"c:\\development\\categories\\node\\mpm.express.rest\\lib\\Controller.js":{"path":"c:\\development\\categories\\node\\mpm.express.rest\\lib\\Controller.js","s":{"1":1,"2":1,"3":1,"4":1,"5":1,"6":1,"7":6,"8":6,"9":6,"10":1,"11":6,"12":1,"13":2,"14":1,"15":6,"16":6,"17":6,"18":6,"19":6,"20":6,"21":6,"22":6,"23":6,"24":6,"25":6,"26":1,"27":6,"28":6,"29":6,"30":0,"31":0,"32":6,"33":2,"34":4,"35":1,"36":1,"37":1,"38":1,"39":1,"40":1,"41":1,"42":1,"43":1,"44":2,"45":1,"46":1},"b":{"1":[0,6],"2":[6,6],"3":[6,0],"4":[6,0],"5":[6,0],"6":[6,0],"7":[6,0],"8":[0,6],"9":[2,4]},"f":{"1":1,"2":6,"3":6,"4":2,"5":6,"6":6,"7":6,"8":1,"9":1,"10":1,"11":1,"12":2},"fnMap":{"1":{"name":"(anonymous_1)","line":19,"loc":{"start":{"line":19,"column":14},"end":{"line":19,"column":25}}},"2":{"name":"Controller","line":20,"loc":{"start":{"line":20,"column":2},"end":{"line":20,"column":38}}},"3":{"name":"(anonymous_3)","line":32,"loc":{"start":{"line":32,"column":36},"end":{"line":32,"column":54}}},"4":{"name":"(anonymous_4)","line":42,"loc":{"start":{"line":42,"column":36},"end":{"line":42,"column":47}}},"5":{"name":"(anonymous_5)","line":52,"loc":{"start":{"line":52,"column":32},"end":{"line":52,"column":43}}},"6":{"name":"(anonymous_6)","line":71,"loc":{"start":{"line":71,"column":40},"end":{"line":71,"column":65}}},"7":{"name":"(anonymous_7)","line":73,"loc":{"start":{"line":73,"column":11},"end":{"line":73,"column":33}}},"8":{"name":"(anonymous_8)","line":86,"loc":{"start":{"line":86,"column":30},"end":{"line":86,"column":49}}},"9":{"name":"(anonymous_9)","line":90,"loc":{"start":{"line":90,"column":29},"end":{"line":90,"column":48}}},"10":{"name":"(anonymous_10)","line":94,"loc":{"start":{"line":94,"column":30},"end":{"line":94,"column":49}}},"11":{"name":"(anonymous_11)","line":98,"loc":{"start":{"line":98,"column":29},"end":{"line":98,"column":48}}},"12":{"name":"(anonymous_12)","line":102,"loc":{"start":{"line":102,"column":35},"end":{"line":102,"column":54}}}},"statementMap":{"1":{"start":{"line":3,"column":0},"end":{"line":3,"column":45}},"2":{"start":{"line":5,"column":0},"end":{"line":5,"column":53}},"3":{"start":{"line":7,"column":0},"end":{"line":7,"column":25}},"4":{"start":{"line":9,"column":0},"end":{"line":9,"column":26}},"5":{"start":{"line":19,"column":0},"end":{"line":108,"column":5}},"6":{"start":{"line":20,"column":2},"end":{"line":24,"column":3}},"7":{"start":{"line":21,"column":4},"end":{"line":21,"column":21}},"8":{"start":{"line":22,"column":4},"end":{"line":22,"column":53}},"9":{"start":{"line":23,"column":4},"end":{"line":23,"column":92}},"10":{"start":{"line":32,"column":2},"end":{"line":34,"column":4}},"11":{"start":{"line":33,"column":4},"end":{"line":33,"column":35}},"12":{"start":{"line":42,"column":2},"end":{"line":44,"column":4}},"13":{"start":{"line":43,"column":4},"end":{"line":43,"column":25}},"14":{"start":{"line":52,"column":2},"end":{"line":69,"column":4}},"15":{"start":{"line":53,"column":4},"end":{"line":55,"column":5}},"16":{"start":{"line":54,"column":6},"end":{"line":54,"column":47}},"17":{"start":{"line":56,"column":4},"end":{"line":58,"column":5}},"18":{"start":{"line":57,"column":6},"end":{"line":57,"column":49}},"19":{"start":{"line":59,"column":4},"end":{"line":61,"column":5}},"20":{"start":{"line":60,"column":6},"end":{"line":60,"column":48}},"21":{"start":{"line":62,"column":4},"end":{"line":64,"column":5}},"22":{"start":{"line":63,"column":6},"end":{"line":63,"column":49}},"23":{"start":{"line":65,"column":4},"end":{"line":67,"column":5}},"24":{"start":{"line":66,"column":6},"end":{"line":66,"column":61}},"25":{"start":{"line":68,"column":4},"end":{"line":68,"column":21}},"26":{"start":{"line":71,"column":2},"end":{"line":84,"column":4}},"27":{"start":{"line":72,"column":4},"end":{"line":72,"column":21}},"28":{"start":{"line":73,"column":4},"end":{"line":83,"column":6}},"29":{"start":{"line":74,"column":6},"end":{"line":77,"column":7}},"30":{"start":{"line":75,"column":8},"end":{"line":75,"column":31}},"31":{"start":{"line":76,"column":8},"end":{"line":76,"column":42}},"32":{"start":{"line":78,"column":6},"end":{"line":82,"column":7}},"33":{"start":{"line":79,"column":8},"end":{"line":79,"column":105}},"34":{"start":{"line":81,"column":8},"end":{"line":81,"column":32}},"35":{"start":{"line":86,"column":2},"end":{"line":88,"column":4}},"36":{"start":{"line":87,"column":4},"end":{"line":87,"column":75}},"37":{"start":{"line":90,"column":2},"end":{"line":92,"column":4}},"38":{"start":{"line":91,"column":4},"end":{"line":91,"column":76}},"39":{"start":{"line":94,"column":2},"end":{"line":96,"column":4}},"40":{"start":{"line":95,"column":4},"end":{"line":95,"column":73}},"41":{"start":{"line":98,"column":2},"end":{"line":100,"column":4}},"42":{"start":{"line":99,"column":4},"end":{"line":99,"column":88}},"43":{"start":{"line":102,"column":2},"end":{"line":104,"column":4}},"44":{"start":{"line":103,"column":4},"end":{"line":103,"column":81}},"45":{"start":{"line":106,"column":2},"end":{"line":106,"column":20}},"46":{"start":{"line":110,"column":0},"end":{"line":110,"column":28}}},"branchMap":{"1":{"line":22,"type":"cond-expr","locations":[{"start":{"line":22,"column":39},"end":{"line":22,"column":47}},{"start":{"line":22,"column":50},"end":{"line":22,"column":52}}]},"2":{"line":23,"type":"binary-expr","locations":[{"start":{"line":23,"column":27},"end":{"line":23,"column":47}},{"start":{"line":23,"column":51},"end":{"line":23,"column":91}}]},"3":{"line":53,"type":"if","locations":[{"start":{"line":53,"column":4},"end":{"line":53,"column":4}},{"start":{"line":53,"column":4},"end":{"line":53,"column":4}}]},"4":{"line":56,"type":"if","locations":[{"start":{"line":56,"column":4},"end":{"line":56,"column":4}},{"start":{"line":56,"column":4},"end":{"line":56,"column":4}}]},"5":{"line":59,"type":"if","locations":[{"start":{"line":59,"column":4},"end":{"line":59,"column":4}},{"start":{"line":59,"column":4},"end":{"line":59,"column":4}}]},"6":{"line":62,"type":"if","locations":[{"start":{"line":62,"column":4},"end":{"line":62,"column":4}},{"start":{"line":62,"column":4},"end":{"line":62,"column":4}}]},"7":{"line":65,"type":"if","locations":[{"start":{"line":65,"column":4},"end":{"line":65,"column":4}},{"start":{"line":65,"column":4},"end":{"line":65,"column":4}}]},"8":{"line":74,"type":"if","locations":[{"start":{"line":74,"column":6},"end":{"line":74,"column":6}},{"start":{"line":74,"column":6},"end":{"line":74,"column":6}}]},"9":{"line":78,"type":"if","locations":[{"start":{"line":78,"column":6},"end":{"line":78,"column":6}},{"start":{"line":78,"column":6},"end":{"line":78,"column":6}}]}}},"c:\\development\\categories\\node\\mpm.express.rest\\lib\\AdapterNameResolver.js":{"path":"c:\\development\\categories\\node\\mpm.express.rest\\lib\\AdapterNameResolver.js","s":{"1":1,"2":1,"3":1,"4":1,"5":1,"6":1,"7":0,"8":0,"9":0,"10":0,"11":1,"12":1},"b":{"1":[0,0],"2":[0]},"f":{"1":1,"2":0,"3":0},"fnMap":{"1":{"name":"(anonymous_1)","line":13,"loc":{"start":{"line":13,"column":23},"end":{"line":13,"column":34}}},"2":{"name":"AdapterNameResolver","line":14,"loc":{"start":{"line":14,"column":2},"end":{"line":14,"column":33}}},"3":{"name":"(anonymous_3)","line":16,"loc":{"start":{"line":16,"column":42},"end":{"line":16,"column":57}}}},"statementMap":{"1":{"start":{"line":2,"column":0},"end":{"line":2,"column":47}},"2":{"start":{"line":4,"column":0},"end":{"line":4,"column":55}},"3":{"start":{"line":6,"column":0},"end":{"line":6,"column":33}},"4":{"start":{"line":13,"column":0},"end":{"line":28,"column":5}},"5":{"start":{"line":14,"column":2},"end":{"line":14,"column":35}},"6":{"start":{"line":16,"column":2},"end":{"line":24,"column":4}},"7":{"start":{"line":17,"column":4},"end":{"line":19,"column":5}},"8":{"start":{"line":18,"column":6},"end":{"line":18,"column":18}},"9":{"start":{"line":20,"column":4},"end":{"line":23,"column":5}},"10":{"start":{"line":22,"column":8},"end":{"line":22,"column":37}},"11":{"start":{"line":26,"column":2},"end":{"line":26,"column":29}},"12":{"start":{"line":30,"column":0},"end":{"line":30,"column":37}}},"branchMap":{"1":{"line":17,"type":"if","locations":[{"start":{"line":17,"column":4},"end":{"line":17,"column":4}},{"start":{"line":17,"column":4},"end":{"line":17,"column":4}}]},"2":{"line":20,"type":"switch","locations":[{"start":{"line":21,"column":6},"end":{"line":22,"column":37}}]}}},"c:\\development\\categories\\node\\mpm.express.rest\\lib\\adapter\\MongooseAdapter.js":{"path":"c:\\development\\categories\\node\\mpm.express.rest\\lib\\adapter\\MongooseAdapter.js","s":{"1":1,"2":1,"3":0,"4":0,"5":1,"6":1,"7":1,"8":1,"9":1,"10":1,"11":1,"12":1,"13":1,"14":1,"15":1,"16":5,"17":0,"18":5,"19":1,"20":1,"21":1,"22":1,"23":1,"24":1,"25":1,"26":5,"27":5,"28":5,"29":1,"30":1,"31":1,"32":1,"33":1,"34":1,"35":1,"36":1,"37":1,"38":1,"39":1,"40":1},"b":{"1":[0,0],"2":[0,5]},"f":{"1":1,"2":1,"3":1,"4":5,"5":1,"6":1,"7":5,"8":1,"9":1,"10":1},"fnMap":{"1":{"name":"(anonymous_1)","line":5,"loc":{"start":{"line":5,"column":14},"end":{"line":5,"column":38}}},"2":{"name":"ctor","line":5,"loc":{"start":{"line":5,"column":127},"end":{"line":5,"column":143}}},"3":{"name":"(anonymous_3)","line":18,"loc":{"start":{"line":18,"column":19},"end":{"line":18,"column":36}}},"4":{"name":"MongooseAdapter","line":21,"loc":{"start":{"line":21,"column":2},"end":{"line":21,"column":40}}},"5":{"name":"(anonymous_5)","line":28,"loc":{"start":{"line":28,"column":38},"end":{"line":28,"column":65}}},"6":{"name":"(anonymous_6)","line":34,"loc":{"start":{"line":34,"column":35},"end":{"line":34,"column":58}}},"7":{"name":"(anonymous_7)","line":38,"loc":{"start":{"line":38,"column":37},"end":{"line":38,"column":61}}},"8":{"name":"(anonymous_8)","line":44,"loc":{"start":{"line":44,"column":37},"end":{"line":44,"column":65}}},"9":{"name":"(anonymous_9)","line":47,"loc":{"start":{"line":47,"column":12},"end":{"line":47,"column":23}}},"10":{"name":"(anonymous_10)","line":56,"loc":{"start":{"line":56,"column":40},"end":{"line":56,"column":63}}}},"statementMap":{"1":{"start":{"line":3,"column":0},"end":{"line":5,"column":290}},"2":{"start":{"line":5,"column":40},"end":{"line":5,"column":126}},"3":{"start":{"line":5,"column":66},"end":{"line":5,"column":124}},"4":{"start":{"line":5,"column":99},"end":{"line":5,"column":124}},"5":{"start":{"line":5,"column":127},"end":{"line":5,"column":172}},"6":{"start":{"line":5,"column":145},"end":{"line":5,"column":170}},"7":{"start":{"line":5,"column":173},"end":{"line":5,"column":207}},"8":{"start":{"line":5,"column":208},"end":{"line":5,"column":237}},"9":{"start":{"line":5,"column":238},"end":{"line":5,"column":273}},"10":{"start":{"line":5,"column":274},"end":{"line":5,"column":287}},"11":{"start":{"line":7,"column":0},"end":{"line":7,"column":25}},"12":{"start":{"line":9,"column":0},"end":{"line":9,"column":26}},"13":{"start":{"line":18,"column":0},"end":{"line":62,"column":9}},"14":{"start":{"line":19,"column":2},"end":{"line":19,"column":37}},"15":{"start":{"line":21,"column":2},"end":{"line":26,"column":3}},"16":{"start":{"line":22,"column":4},"end":{"line":24,"column":5}},"17":{"start":{"line":23,"column":6},"end":{"line":23,"column":21}},"18":{"start":{"line":25,"column":4},"end":{"line":25,"column":65}},"19":{"start":{"line":28,"column":2},"end":{"line":32,"column":4}},"20":{"start":{"line":29,"column":4},"end":{"line":29,"column":13}},"21":{"start":{"line":30,"column":4},"end":{"line":30,"column":32}},"22":{"start":{"line":31,"column":4},"end":{"line":31,"column":44}},"23":{"start":{"line":34,"column":2},"end":{"line":36,"column":4}},"24":{"start":{"line":35,"column":4},"end":{"line":35,"column":46}},"25":{"start":{"line":38,"column":2},"end":{"line":42,"column":4}},"26":{"start":{"line":39,"column":4},"end":{"line":39,"column":14}},"27":{"start":{"line":40,"column":4},"end":{"line":40,"column":33}},"28":{"start":{"line":41,"column":4},"end":{"line":41,"column":32}},"29":{"start":{"line":44,"column":2},"end":{"line":54,"column":4}},"30":{"start":{"line":45,"column":4},"end":{"line":46,"column":19}},"31":{"start":{"line":47,"column":4},"end":{"line":52,"column":9}},"32":{"start":{"line":48,"column":6},"end":{"line":48,"column":15}},"33":{"start":{"line":49,"column":6},"end":{"line":49,"column":31}},"34":{"start":{"line":50,"column":6},"end":{"line":50,"column":22}},"35":{"start":{"line":51,"column":6},"end":{"line":51,"column":18}},"36":{"start":{"line":53,"column":4},"end":{"line":53,"column":69}},"37":{"start":{"line":56,"column":2},"end":{"line":58,"column":4}},"38":{"start":{"line":57,"column":4},"end":{"line":57,"column":63}},"39":{"start":{"line":60,"column":2},"end":{"line":60,"column":25}},"40":{"start":{"line":64,"column":0},"end":{"line":64,"column":33}}},"branchMap":{"1":{"line":5,"type":"if","locations":[{"start":{"line":5,"column":66},"end":{"line":5,"column":66}},{"start":{"line":5,"column":66},"end":{"line":5,"column":66}}]},"2":{"line":22,"type":"if","locations":[{"start":{"line":22,"column":4},"end":{"line":22,"column":4}},{"start":{"line":22,"column":4},"end":{"line":22,"column":4}}]}}},"c:\\development\\categories\\node\\mpm.express.rest\\lib\\adapter\\Base.js":{"path":"c:\\development\\categories\\node\\mpm.express.rest\\lib\\adapter\\Base.js","s":{"1":1,"2":1,"3":1,"4":21,"5":21,"6":1,"7":4,"8":1,"9":0,"10":1,"11":0,"12":1,"13":0,"14":1,"15":1,"16":1,"17":1,"18":1,"19":1,"20":1},"b":{"1":[21,0]},"f":{"1":1,"2":21,"3":4,"4":0,"5":0,"6":0,"7":0,"8":0,"9":0,"10":0,"11":0},"fnMap":{"1":{"name":"(anonymous_1)","line":12,"loc":{"start":{"line":12,"column":8},"end":{"line":12,"column":19}}},"2":{"name":"Base","line":13,"loc":{"start":{"line":13,"column":2},"end":{"line":13,"column":31}}},"3":{"name":"(anonymous_3)","line":18,"loc":{"start":{"line":18,"column":28},"end":{"line":18,"column":39}}},"4":{"name":"(anonymous_4)","line":22,"loc":{"start":{"line":22,"column":28},"end":{"line":22,"column":45}}},"5":{"name":"(anonymous_5)","line":26,"loc":{"start":{"line":26,"column":27},"end":{"line":26,"column":38}}},"6":{"name":"(anonymous_6)","line":30,"loc":{"start":{"line":30,"column":27},"end":{"line":30,"column":43}}},"7":{"name":"(anonymous_7)","line":41,"loc":{"start":{"line":41,"column":27},"end":{"line":41,"column":54}}},"8":{"name":"(anonymous_8)","line":50,"loc":{"start":{"line":50,"column":24},"end":{"line":50,"column":47}}},"9":{"name":"(anonymous_9)","line":59,"loc":{"start":{"line":59,"column":26},"end":{"line":59,"column":50}}},"10":{"name":"(anonymous_10)","line":69,"loc":{"start":{"line":69,"column":26},"end":{"line":69,"column":54}}},"11":{"name":"(anonymous_11)","line":78,"loc":{"start":{"line":78,"column":29},"end":{"line":78,"column":52}}}},"statementMap":{"1":{"start":{"line":10,"column":0},"end":{"line":10,"column":9}},"2":{"start":{"line":12,"column":0},"end":{"line":82,"column":5}},"3":{"start":{"line":13,"column":2},"end":{"line":16,"column":3}},"4":{"start":{"line":14,"column":4},"end":{"line":14,"column":25}},"5":{"start":{"line":15,"column":4},"end":{"line":15,"column":49}},"6":{"start":{"line":18,"column":2},"end":{"line":20,"column":4}},"7":{"start":{"line":19,"column":4},"end":{"line":19,"column":23}},"8":{"start":{"line":22,"column":2},"end":{"line":24,"column":4}},"9":{"start":{"line":23,"column":4},"end":{"line":23,"column":25}},"10":{"start":{"line":26,"column":2},"end":{"line":28,"column":4}},"11":{"start":{"line":27,"column":4},"end":{"line":27,"column":22}},"12":{"start":{"line":30,"column":2},"end":{"line":32,"column":4}},"13":{"start":{"line":31,"column":4},"end":{"line":31,"column":23}},"14":{"start":{"line":41,"column":2},"end":{"line":41,"column":57}},"15":{"start":{"line":50,"column":2},"end":{"line":50,"column":50}},"16":{"start":{"line":59,"column":2},"end":{"line":59,"column":53}},"17":{"start":{"line":69,"column":2},"end":{"line":69,"column":57}},"18":{"start":{"line":78,"column":2},"end":{"line":78,"column":55}},"19":{"start":{"line":80,"column":2},"end":{"line":80,"column":14}},"20":{"start":{"line":84,"column":0},"end":{"line":84,"column":22}}},"branchMap":{"1":{"line":15,"type":"cond-expr","locations":[{"start":{"line":15,"column":33},"end":{"line":15,"column":38}},{"start":{"line":15,"column":41},"end":{"line":15,"column":48}}]}}},"c:\\development\\categories\\node\\mpm.express.rest\\lib\\adapter\\MongoDBAdapter.js":{"path":"c:\\development\\categories\\node\\mpm.express.rest\\lib\\adapter\\MongoDBAdapter.js","s":{"1":1,"2":1,"3":0,"4":0,"5":1,"6":1,"7":1,"8":1,"9":1,"10":1,"11":1,"12":1,"13":1,"14":1,"15":0,"16":0,"17":1,"18":1,"19":1,"20":5,"21":0,"22":5,"23":1,"24":1,"25":1,"26":1,"27":1,"28":0,"29":1,"30":1,"31":0,"32":1,"33":1,"34":1,"35":0,"36":1,"37":1,"38":5,"39":1,"40":1,"41":1,"42":0,"43":1,"44":1,"45":1,"46":1,"47":1,"48":1,"49":1,"50":1,"51":0,"52":1,"53":1,"54":1},"b":{"1":[0,0],"2":[0,5],"3":[0,1],"4":[0,1],"5":[0,1],"6":[0,1],"7":[0,1]},"f":{"1":1,"2":1,"3":1,"4":5,"5":1,"6":1,"7":1,"8":1,"9":5,"10":1,"11":1,"12":1},"fnMap":{"1":{"name":"(anonymous_1)","line":5,"loc":{"start":{"line":5,"column":14},"end":{"line":5,"column":38}}},"2":{"name":"ctor","line":5,"loc":{"start":{"line":5,"column":127},"end":{"line":5,"column":143}}},"3":{"name":"(anonymous_3)","line":23,"loc":{"start":{"line":23,"column":18},"end":{"line":23,"column":35}}},"4":{"name":"MongoDBAdapter","line":33,"loc":{"start":{"line":33,"column":2},"end":{"line":33,"column":44}}},"5":{"name":"(anonymous_5)","line":40,"loc":{"start":{"line":40,"column":37},"end":{"line":40,"column":64}}},"6":{"name":"(anonymous_6)","line":43,"loc":{"start":{"line":43,"column":34},"end":{"line":43,"column":54}}},"7":{"name":"(anonymous_7)","line":47,"loc":{"start":{"line":47,"column":30},"end":{"line":47,"column":48}}},"8":{"name":"(anonymous_8)","line":58,"loc":{"start":{"line":58,"column":34},"end":{"line":58,"column":57}}},"9":{"name":"(anonymous_9)","line":67,"loc":{"start":{"line":67,"column":36},"end":{"line":67,"column":60}}},"10":{"name":"(anonymous_10)","line":73,"loc":{"start":{"line":73,"column":36},"end":{"line":73,"column":64}}},"11":{"name":"(anonymous_11)","line":79,"loc":{"start":{"line":79,"column":12},"end":{"line":79,"column":23}}},"12":{"name":"(anonymous_12)","line":94,"loc":{"start":{"line":94,"column":39},"end":{"line":94,"column":62}}}},"statementMap":{"1":{"start":{"line":3,"column":0},"end":{"line":5,"column":290}},"2":{"start":{"line":5,"column":40},"end":{"line":5,"column":126}},"3":{"start":{"line":5,"column":66},"end":{"line":5,"column":124}},"4":{"start":{"line":5,"column":99},"end":{"line":5,"column":124}},"5":{"start":{"line":5,"column":127},"end":{"line":5,"column":172}},"6":{"start":{"line":5,"column":145},"end":{"line":5,"column":170}},"7":{"start":{"line":5,"column":173},"end":{"line":5,"column":207}},"8":{"start":{"line":5,"column":208},"end":{"line":5,"column":237}},"9":{"start":{"line":5,"column":238},"end":{"line":5,"column":273}},"10":{"start":{"line":5,"column":274},"end":{"line":5,"column":287}},"11":{"start":{"line":7,"column":0},"end":{"line":7,"column":25}},"12":{"start":{"line":9,"column":0},"end":{"line":9,"column":26}},"13":{"start":{"line":11,"column":0},"end":{"line":16,"column":1}},"14":{"start":{"line":12,"column":2},"end":{"line":12,"column":41}},"15":{"start":{"line":14,"column":2},"end":{"line":14,"column":17}},"16":{"start":{"line":15,"column":2},"end":{"line":15,"column":21}},"17":{"start":{"line":23,"column":0},"end":{"line":107,"column":9}},"18":{"start":{"line":24,"column":2},"end":{"line":24,"column":36}},"19":{"start":{"line":33,"column":2},"end":{"line":38,"column":3}},"20":{"start":{"line":34,"column":4},"end":{"line":36,"column":5}},"21":{"start":{"line":35,"column":6},"end":{"line":35,"column":21}},"22":{"start":{"line":37,"column":4},"end":{"line":37,"column":64}},"23":{"start":{"line":40,"column":2},"end":{"line":56,"column":4}},"24":{"start":{"line":41,"column":4},"end":{"line":41,"column":13}},"25":{"start":{"line":42,"column":4},"end":{"line":42,"column":32}},"26":{"start":{"line":43,"column":4},"end":{"line":55,"column":7}},"27":{"start":{"line":44,"column":6},"end":{"line":54,"column":7}},"28":{"start":{"line":45,"column":8},"end":{"line":45,"column":27}},"29":{"start":{"line":47,"column":8},"end":{"line":53,"column":11}},"30":{"start":{"line":48,"column":10},"end":{"line":52,"column":11}},"31":{"start":{"line":49,"column":12},"end":{"line":49,"column":31}},"32":{"start":{"line":51,"column":12},"end":{"line":51,"column":42}},"33":{"start":{"line":58,"column":2},"end":{"line":65,"column":4}},"34":{"start":{"line":59,"column":4},"end":{"line":61,"column":5}},"35":{"start":{"line":60,"column":6},"end":{"line":60,"column":24}},"36":{"start":{"line":62,"column":4},"end":{"line":64,"column":17}},"37":{"start":{"line":67,"column":2},"end":{"line":71,"column":4}},"38":{"start":{"line":68,"column":4},"end":{"line":70,"column":17}},"39":{"start":{"line":73,"column":2},"end":{"line":92,"column":4}},"40":{"start":{"line":74,"column":4},"end":{"line":75,"column":19}},"41":{"start":{"line":76,"column":4},"end":{"line":78,"column":5}},"42":{"start":{"line":77,"column":6},"end":{"line":77,"column":24}},"43":{"start":{"line":79,"column":4},"end":{"line":84,"column":9}},"44":{"start":{"line":80,"column":6},"end":{"line":80,"column":15}},"45":{"start":{"line":81,"column":6},"end":{"line":81,"column":31}},"46":{"start":{"line":82,"column":6},"end":{"line":82,"column":22}},"47":{"start":{"line":83,"column":6},"end":{"line":83,"column":18}},"48":{"start":{"line":85,"column":4},"end":{"line":91,"column":17}},"49":{"start":{"line":94,"column":2},"end":{"line":103,"column":4}},"50":{"start":{"line":95,"column":4},"end":{"line":97,"column":5}},"51":{"start":{"line":96,"column":6},"end":{"line":96,"column":24}},"52":{"start":{"line":98,"column":4},"end":{"line":102,"column":17}},"53":{"start":{"line":105,"column":2},"end":{"line":105,"column":24}},"54":{"start":{"line":109,"column":0},"end":{"line":109,"column":32}}},"branchMap":{"1":{"line":5,"type":"if","locations":[{"start":{"line":5,"column":66},"end":{"line":5,"column":66}},{"start":{"line":5,"column":66},"end":{"line":5,"column":66}}]},"2":{"line":34,"type":"if","locations":[{"start":{"line":34,"column":4},"end":{"line":34,"column":4}},{"start":{"line":34,"column":4},"end":{"line":34,"column":4}}]},"3":{"line":44,"type":"if","locations":[{"start":{"line":44,"column":6},"end":{"line":44,"column":6}},{"start":{"line":44,"column":6},"end":{"line":44,"column":6}}]},"4":{"line":48,"type":"if","locations":[{"start":{"line":48,"column":10},"end":{"line":48,"column":10}},{"start":{"line":48,"column":10},"end":{"line":48,"column":10}}]},"5":{"line":59,"type":"if","locations":[{"start":{"line":59,"column":4},"end":{"line":59,"column":4}},{"start":{"line":59,"column":4},"end":{"line":59,"column":4}}]},"6":{"line":76,"type":"if","locations":[{"start":{"line":76,"column":4},"end":{"line":76,"column":4}},{"start":{"line":76,"column":4},"end":{"line":76,"column":4}}]},"7":{"line":95,"type":"if","locations":[{"start":{"line":95,"column":4},"end":{"line":95,"column":4}},{"start":{"line":95,"column":4},"end":{"line":95,"column":4}}]}}},"c:\\development\\categories\\node\\mpm.express.rest\\lib\\adapter\\TestAdapter.js":{"path":"c:\\development\\categories\\node\\mpm.express.rest\\lib\\adapter\\TestAdapter.js","s":{"1":1,"2":1,"3":0,"4":0,"5":1,"6":1,"7":1,"8":1,"9":1,"10":1,"11":1,"12":1,"13":1,"14":5,"15":5,"16":5,"17":4,"18":4,"19":4,"20":4,"21":5,"22":1,"23":1,"24":1,"25":11,"26":1,"27":6,"28":1,"29":0,"30":1,"31":2,"32":1,"33":0,"34":1,"35":2,"36":2,"37":2,"38":2,"39":0,"40":0,"41":0,"42":2,"43":2,"44":1,"45":2,"46":2,"47":2,"48":1,"49":10,"50":10,"51":10,"52":10,"53":1,"54":2,"55":2,"56":2,"57":2,"58":2,"59":2,"60":1,"61":3,"62":3,"63":2,"64":3,"65":2,"66":2,"67":1,"68":1,"69":1},"b":{"1":[0,0],"2":[4,0],"3":[0,0],"4":[2,0],"5":[2,1]},"f":{"1":1,"2":1,"3":5,"4":1,"5":11,"6":6,"7":0,"8":2,"9":0,"10":2,"11":2,"12":2,"13":2,"14":10,"15":2,"16":2,"17":3,"18":2},"fnMap":{"1":{"name":"(anonymous_1)","line":5,"loc":{"start":{"line":5,"column":14},"end":{"line":5,"column":38}}},"2":{"name":"ctor","line":5,"loc":{"start":{"line":5,"column":127},"end":{"line":5,"column":143}}},"3":{"name":"(anonymous_3)","line":19,"loc":{"start":{"line":19,"column":12},"end":{"line":19,"column":43}}},"4":{"name":"(anonymous_4)","line":37,"loc":{"start":{"line":37,"column":15},"end":{"line":37,"column":32}}},"5":{"name":"TestAdapter","line":40,"loc":{"start":{"line":40,"column":2},"end":{"line":40,"column":25}}},"6":{"name":"(anonymous_6)","line":44,"loc":{"start":{"line":44,"column":35},"end":{"line":44,"column":46}}},"7":{"name":"(anonymous_7)","line":48,"loc":{"start":{"line":48,"column":35},"end":{"line":48,"column":52}}},"8":{"name":"(anonymous_8)","line":52,"loc":{"start":{"line":52,"column":34},"end":{"line":52,"column":45}}},"9":{"name":"(anonymous_9)","line":56,"loc":{"start":{"line":56,"column":34},"end":{"line":56,"column":50}}},"10":{"name":"(anonymous_10)","line":67,"loc":{"start":{"line":67,"column":34},"end":{"line":67,"column":61}}},"11":{"name":"(anonymous_11)","line":70,"loc":{"start":{"line":70,"column":27},"end":{"line":70,"column":41}}},"12":{"name":"(anonymous_12)","line":90,"loc":{"start":{"line":90,"column":31},"end":{"line":90,"column":54}}},"13":{"name":"(anonymous_13)","line":92,"loc":{"start":{"line":92,"column":48},"end":{"line":92,"column":62}}},"14":{"name":"(anonymous_14)","line":104,"loc":{"start":{"line":104,"column":33},"end":{"line":104,"column":57}}},"15":{"name":"(anonymous_15)","line":121,"loc":{"start":{"line":121,"column":33},"end":{"line":121,"column":61}}},"16":{"name":"(anonymous_16)","line":124,"loc":{"start":{"line":124,"column":31},"end":{"line":124,"column":45}}},"17":{"name":"(anonymous_17)","line":142,"loc":{"start":{"line":142,"column":36},"end":{"line":142,"column":59}}},"18":{"name":"(anonymous_18)","line":145,"loc":{"start":{"line":145,"column":31},"end":{"line":145,"column":45}}}},"statementMap":{"1":{"start":{"line":3,"column":0},"end":{"line":5,"column":290}},"2":{"start":{"line":5,"column":40},"end":{"line":5,"column":126}},"3":{"start":{"line":5,"column":66},"end":{"line":5,"column":124}},"4":{"start":{"line":5,"column":99},"end":{"line":5,"column":124}},"5":{"start":{"line":5,"column":127},"end":{"line":5,"column":172}},"6":{"start":{"line":5,"column":145},"end":{"line":5,"column":170}},"7":{"start":{"line":5,"column":173},"end":{"line":5,"column":207}},"8":{"start":{"line":5,"column":208},"end":{"line":5,"column":237}},"9":{"start":{"line":5,"column":238},"end":{"line":5,"column":273}},"10":{"start":{"line":5,"column":274},"end":{"line":5,"column":287}},"11":{"start":{"line":7,"column":0},"end":{"line":7,"column":25}},"12":{"start":{"line":9,"column":0},"end":{"line":9,"column":26}},"13":{"start":{"line":19,"column":0},"end":{"line":30,"column":2}},"14":{"start":{"line":20,"column":2},"end":{"line":20,"column":30}},"15":{"start":{"line":21,"column":2},"end":{"line":21,"column":9}},"16":{"start":{"line":22,"column":2},"end":{"line":28,"column":3}},"17":{"start":{"line":23,"column":4},"end":{"line":23,"column":28}},"18":{"start":{"line":24,"column":4},"end":{"line":27,"column":5}},"19":{"start":{"line":25,"column":6},"end":{"line":25,"column":16}},"20":{"start":{"line":26,"column":6},"end":{"line":26,"column":12}},"21":{"start":{"line":29,"column":2},"end":{"line":29,"column":11}},"22":{"start":{"line":37,"column":0},"end":{"line":158,"column":9}},"23":{"start":{"line":38,"column":2},"end":{"line":38,"column":33}},"24":{"start":{"line":40,"column":2},"end":{"line":42,"column":3}},"25":{"start":{"line":41,"column":4},"end":{"line":41,"column":61}},"26":{"start":{"line":44,"column":2},"end":{"line":46,"column":4}},"27":{"start":{"line":45,"column":4},"end":{"line":45,"column":23}},"28":{"start":{"line":48,"column":2},"end":{"line":50,"column":4}},"29":{"start":{"line":49,"column":4},"end":{"line":49,"column":25}},"30":{"start":{"line":52,"column":2},"end":{"line":54,"column":4}},"31":{"start":{"line":53,"column":4},"end":{"line":53,"column":22}},"32":{"start":{"line":56,"column":2},"end":{"line":58,"column":4}},"33":{"start":{"line":57,"column":4},"end":{"line":57,"column":23}},"34":{"start":{"line":67,"column":2},"end":{"line":81,"column":4}},"35":{"start":{"line":68,"column":4},"end":{"line":69,"column":19}},"36":{"start":{"line":70,"column":4},"end":{"line":79,"column":7}},"37":{"start":{"line":71,"column":6},"end":{"line":71,"column":31}},"38":{"start":{"line":72,"column":6},"end":{"line":77,"column":7}},"39":{"start":{"line":73,"column":8},"end":{"line":73,"column":28}},"40":{"start":{"line":74,"column":8},"end":{"line":76,"column":9}},"41":{"start":{"line":75,"column":10},"end":{"line":75,"column":23}},"42":{"start":{"line":78,"column":6},"end":{"line":78,"column":18}},"43":{"start":{"line":80,"column":4},"end":{"line":80,"column":31}},"44":{"start":{"line":90,"column":2},"end":{"line":95,"column":4}},"45":{"start":{"line":91,"column":4},"end":{"line":91,"column":21}},"46":{"start":{"line":92,"column":4},"end":{"line":94,"column":12}},"47":{"start":{"line":93,"column":6},"end":{"line":93,"column":27}},"48":{"start":{"line":104,"column":2},"end":{"line":111,"column":4}},"49":{"start":{"line":105,"column":4},"end":{"line":105,"column":10}},"50":{"start":{"line":106,"column":4},"end":{"line":108,"column":7}},"51":{"start":{"line":109,"column":4},"end":{"line":109,"column":24}},"52":{"start":{"line":110,"column":4},"end":{"line":110,"column":31}},"53":{"start":{"line":121,"column":2},"end":{"line":133,"column":4}},"54":{"start":{"line":122,"column":4},"end":{"line":123,"column":19}},"55":{"start":{"line":124,"column":4},"end":{"line":126,"column":7}},"56":{"start":{"line":125,"column":6},"end":{"line":125,"column":27}},"57":{"start":{"line":127,"column":4},"end":{"line":131,"column":5}},"58":{"start":{"line":128,"column":6},"end":{"line":130,"column":9}},"59":{"start":{"line":132,"column":4},"end":{"line":132,"column":31}},"60":{"start":{"line":142,"column":2},"end":{"line":154,"column":4}},"61":{"start":{"line":143,"column":4},"end":{"line":144,"column":19}},"62":{"start":{"line":145,"column":4},"end":{"line":147,"column":7}},"63":{"start":{"line":146,"column":6},"end":{"line":146,"column":27}},"64":{"start":{"line":148,"column":4},"end":{"line":153,"column":5}},"65":{"start":{"line":149,"column":6},"end":{"line":149,"column":37}},"66":{"start":{"line":150,"column":6},"end":{"line":150,"column":33}},"67":{"start":{"line":152,"column":6},"end":{"line":152,"column":24}},"68":{"start":{"line":156,"column":2},"end":{"line":156,"column":21}},"69":{"start":{"line":160,"column":0},"end":{"line":160,"column":29}}},"branchMap":{"1":{"line":5,"type":"if","locations":[{"start":{"line":5,"column":66},"end":{"line":5,"column":66}},{"start":{"line":5,"column":66},"end":{"line":5,"column":66}}]},"2":{"line":24,"type":"if","locations":[{"start":{"line":24,"column":4},"end":{"line":24,"column":4}},{"start":{"line":24,"column":4},"end":{"line":24,"column":4}}]},"3":{"line":74,"type":"if","locations":[{"start":{"line":74,"column":8},"end":{"line":74,"column":8}},{"start":{"line":74,"column":8},"end":{"line":74,"column":8}}]},"4":{"line":127,"type":"if","locations":[{"start":{"line":127,"column":4},"end":{"line":127,"column":4}},{"start":{"line":127,"column":4},"end":{"line":127,"column":4}}]},"5":{"line":148,"type":"if","locations":[{"start":{"line":148,"column":4},"end":{"line":148,"column":4}},{"start":{"line":148,"column":4},"end":{"line":148,"column":4}}]}}}}