TN:
SF:c:\development\categories\node\mpm.express.rest\index.js
FNF:0
FNH:0
DA:2,1
LF:1
LH:1
BRF:0
BRH:0
end_of_record
TN:
SF:c:\development\categories\node\mpm.express.rest\lib\rest.js
FN:35,(anonymous_1)
FNF:1
FNH:0
FNDA:0,(anonymous_1)
DA:3,1
DA:5,1
DA:12,1
DA:35,1
DA:36,0
DA:37,0
DA:38,0
DA:40,0
DA:41,0
DA:42,0
DA:43,0
DA:44,0
DA:46,0
DA:47,0
DA:48,0
DA:49,0
DA:50,0
DA:53,1
LF:18
LH:5
BRDA:37,1,0,0
BRDA:37,1,1,0
BRDA:43,2,0,0
BRDA:43,2,1,0
BRF:4
BRH:0
end_of_record
TN:
SF:c:\development\categories\node\mpm.express.rest\lib\ModelNotFoundError.js
FN:9,(anonymous_1)
FN:9,ctor
FN:11,(anonymous_3)
FN:19,ModelNotFoundError
FNF:4
FNH:4
FNDA:1,(anonymous_1)
FNDA:1,ctor
FNDA:1,(anonymous_3)
FNDA:2,ModelNotFoundError
DA:7,1
DA:9,2
DA:11,1
DA:12,1
DA:19,1
DA:20,2
DA:21,2
DA:22,2
DA:23,2
DA:26,1
DA:30,1
LF:11
LH:11
BRDA:9,1,0,2
BRDA:9,1,1,0
BRDA:20,2,0,2
BRDA:20,2,1,0
BRF:4
BRH:2
end_of_record
TN:
SF:c:\development\categories\node\mpm.express.rest\lib\Controller.js
FN:19,(anonymous_1)
FN:20,Controller
FN:32,(anonymous_3)
FN:42,(anonymous_4)
FN:52,(anonymous_5)
FN:71,(anonymous_6)
FN:73,(anonymous_7)
FN:86,(anonymous_8)
FN:90,(anonymous_9)
FN:94,(anonymous_10)
FN:98,(anonymous_11)
FN:102,(anonymous_12)
FNF:12
FNH:12
FNDA:1,(anonymous_1)
FNDA:6,Controller
FNDA:6,(anonymous_3)
FNDA:2,(anonymous_4)
FNDA:6,(anonymous_5)
FNDA:6,(anonymous_6)
FNDA:6,(anonymous_7)
FNDA:1,(anonymous_8)
FNDA:1,(anonymous_9)
FNDA:1,(anonymous_10)
FNDA:1,(anonymous_11)
FNDA:2,(anonymous_12)
DA:3,1
DA:5,1
DA:7,1
DA:9,1
DA:19,1
DA:20,1
DA:21,6
DA:22,6
DA:23,6
DA:32,1
DA:33,6
DA:42,1
DA:43,2
DA:52,1
DA:53,6
DA:54,6
DA:56,6
DA:57,6
DA:59,6
DA:60,6
DA:62,6
DA:63,6
DA:65,6
DA:66,6
DA:68,6
DA:71,1
DA:72,6
DA:73,6
DA:74,6
DA:75,0
DA:76,0
DA:78,6
DA:79,2
DA:81,4
DA:86,1
DA:87,1
DA:90,1
DA:91,1
DA:94,1
DA:95,1
DA:98,1
DA:99,1
DA:102,1
DA:103,2
DA:106,1
DA:110,1
LF:46
LH:44
BRDA:22,1,0,0
BRDA:22,1,1,6
BRDA:23,2,0,6
BRDA:23,2,1,6
BRDA:53,3,0,6
BRDA:53,3,1,0
BRDA:56,4,0,6
BRDA:56,4,1,0
BRDA:59,5,0,6
BRDA:59,5,1,0
BRDA:62,6,0,6
BRDA:62,6,1,0
BRDA:65,7,0,6
BRDA:65,7,1,0
BRDA:74,8,0,0
BRDA:74,8,1,6
BRDA:78,9,0,2
BRDA:78,9,1,4
BRF:18
BRH:11
end_of_record
TN:
SF:c:\development\categories\node\mpm.express.rest\lib\AdapterNameResolver.js
FN:13,(anonymous_1)
FN:14,AdapterNameResolver
FN:16,(anonymous_3)
FNF:3
FNH:1
FNDA:1,(anonymous_1)
FNDA:0,AdapterNameResolver
FNDA:0,(anonymous_3)
DA:2,1
DA:4,1
DA:6,1
DA:13,1
DA:14,1
DA:16,1
DA:17,0
DA:18,0
DA:20,0
DA:22,0
DA:26,1
DA:30,1
LF:12
LH:8
BRDA:17,1,0,0
BRDA:17,1,1,0
BRDA:20,2,0,0
BRF:3
BRH:0
end_of_record
TN:
SF:c:\development\categories\node\mpm.express.rest\lib\adapter\MongooseAdapter.js
FN:5,(anonymous_1)
FN:5,ctor
FN:18,(anonymous_3)
FN:21,MongooseAdapter
FN:28,(anonymous_5)
FN:34,(anonymous_6)
FN:38,(anonymous_7)
FN:44,(anonymous_8)
FN:47,(anonymous_9)
FN:56,(anonymous_10)
FNF:10
FNH:10
FNDA:1,(anonymous_1)
FNDA:1,ctor
FNDA:1,(anonymous_3)
FNDA:5,MongooseAdapter
FNDA:1,(anonymous_5)
FNDA:1,(anonymous_6)
FNDA:5,(anonymous_7)
FNDA:1,(anonymous_8)
FNDA:1,(anonymous_9)
FNDA:1,(anonymous_10)
DA:3,1
DA:5,1
DA:7,1
DA:9,1
DA:18,1
DA:19,1
DA:21,1
DA:22,5
DA:23,0
DA:25,5
DA:28,1
DA:29,1
DA:30,1
DA:31,1
DA:34,1
DA:35,1
DA:38,1
DA:39,5
DA:40,5
DA:41,5
DA:44,1
DA:45,1
DA:47,1
DA:48,1
DA:49,1
DA:50,1
DA:51,1
DA:53,1
DA:56,1
DA:57,1
DA:60,1
DA:64,1
LF:32
LH:31
BRDA:5,1,0,0
BRDA:5,1,1,0
BRDA:22,2,0,0
BRDA:22,2,1,5
BRF:4
BRH:1
end_of_record
TN:
SF:c:\development\categories\node\mpm.express.rest\lib\adapter\Base.js
FN:12,(anonymous_1)
FN:13,Base
FN:18,(anonymous_3)
FN:22,(anonymous_4)
FN:26,(anonymous_5)
FN:30,(anonymous_6)
FN:41,(anonymous_7)
FN:50,(anonymous_8)
FN:59,(anonymous_9)
FN:69,(anonymous_10)
FN:78,(anonymous_11)
FNF:11
FNH:3
FNDA:1,(anonymous_1)
FNDA:21,Base
FNDA:4,(anonymous_3)
FNDA:0,(anonymous_4)
FNDA:0,(anonymous_5)
FNDA:0,(anonymous_6)
FNDA:0,(anonymous_7)
FNDA:0,(anonymous_8)
FNDA:0,(anonymous_9)
FNDA:0,(anonymous_10)
FNDA:0,(anonymous_11)
DA:10,1
DA:12,1
DA:13,1
DA:14,21
DA:15,21
DA:18,1
DA:19,4
DA:22,1
DA:23,0
DA:26,1
DA:27,0
DA:30,1
DA:31,0
DA:41,1
DA:50,1
DA:59,1
DA:69,1
DA:78,1
DA:80,1
DA:84,1
LF:20
LH:17
BRDA:15,1,0,21
BRDA:15,1,1,0
BRF:2
BRH:1
end_of_record
TN:
SF:c:\development\categories\node\mpm.express.rest\lib\adapter\MongoDBAdapter.js
FN:5,(anonymous_1)
FN:5,ctor
FN:23,(anonymous_3)
FN:33,MongoDBAdapter
FN:40,(anonymous_5)
FN:43,(anonymous_6)
FN:47,(anonymous_7)
FN:58,(anonymous_8)
FN:67,(anonymous_9)
FN:73,(anonymous_10)
FN:79,(anonymous_11)
FN:94,(anonymous_12)
FNF:12
FNH:12
FNDA:1,(anonymous_1)
FNDA:1,ctor
FNDA:1,(anonymous_3)
FNDA:5,MongoDBAdapter
FNDA:1,(anonymous_5)
FNDA:1,(anonymous_6)
FNDA:1,(anonymous_7)
FNDA:1,(anonymous_8)
FNDA:5,(anonymous_9)
FNDA:1,(anonymous_10)
FNDA:1,(anonymous_11)
FNDA:1,(anonymous_12)
DA:3,1
DA:5,1
DA:7,1
DA:9,1
DA:11,1
DA:12,1
DA:14,0
DA:15,0
DA:23,1
DA:24,1
DA:33,1
DA:34,5
DA:35,0
DA:37,5
DA:40,1
DA:41,1
DA:42,1
DA:43,1
DA:44,1
DA:45,0
DA:47,1
DA:48,1
DA:49,0
DA:51,1
DA:58,1
DA:59,1
DA:60,0
DA:62,1
DA:67,1
DA:68,5
DA:73,1
DA:74,1
DA:76,1
DA:77,0
DA:79,1
DA:80,1
DA:81,1
DA:82,1
DA:83,1
DA:85,1
DA:94,1
DA:95,1
DA:96,0
DA:98,1
DA:105,1
DA:109,1
LF:46
LH:38
BRDA:5,1,0,0
BRDA:5,1,1,0
BRDA:34,2,0,0
BRDA:34,2,1,5
BRDA:44,3,0,0
BRDA:44,3,1,1
BRDA:48,4,0,0
BRDA:48,4,1,1
BRDA:59,5,0,0
BRDA:59,5,1,1
BRDA:76,6,0,0
BRDA:76,6,1,1
BRDA:95,7,0,0
BRDA:95,7,1,1
BRF:14
BRH:6
end_of_record
TN:
SF:c:\development\categories\node\mpm.express.rest\lib\adapter\TestAdapter.js
FN:5,(anonymous_1)
FN:5,ctor
FN:19,(anonymous_3)
FN:37,(anonymous_4)
FN:40,TestAdapter
FN:44,(anonymous_6)
FN:48,(anonymous_7)
FN:52,(anonymous_8)
FN:56,(anonymous_9)
FN:67,(anonymous_10)
FN:70,(anonymous_11)
FN:90,(anonymous_12)
FN:92,(anonymous_13)
FN:104,(anonymous_14)
FN:121,(anonymous_15)
FN:124,(anonymous_16)
FN:142,(anonymous_17)
FN:145,(anonymous_18)
FNF:18
FNH:16
FNDA:1,(anonymous_1)
FNDA:1,ctor
FNDA:5,(anonymous_3)
FNDA:1,(anonymous_4)
FNDA:11,TestAdapter
FNDA:6,(anonymous_6)
FNDA:0,(anonymous_7)
FNDA:2,(anonymous_8)
FNDA:0,(anonymous_9)
FNDA:2,(anonymous_10)
FNDA:2,(anonymous_11)
FNDA:2,(anonymous_12)
FNDA:2,(anonymous_13)
FNDA:10,(anonymous_14)
FNDA:2,(anonymous_15)
FNDA:2,(anonymous_16)
FNDA:3,(anonymous_17)
FNDA:2,(anonymous_18)
DA:3,1
DA:5,1
DA:7,1
DA:9,1
DA:19,1
DA:20,5
DA:21,5
DA:22,5
DA:23,4
DA:24,4
DA:25,4
DA:26,4
DA:29,5
DA:37,1
DA:38,1
DA:40,1
DA:41,11
DA:44,1
DA:45,6
DA:48,1
DA:49,0
DA:52,1
DA:53,2
DA:56,1
DA:57,0
DA:67,1
DA:68,2
DA:70,2
DA:71,2
DA:72,2
DA:73,0
DA:74,0
DA:75,0
DA:78,2
DA:80,2
DA:90,1
DA:91,2
DA:92,2
DA:93,2
DA:104,1
DA:105,10
DA:106,10
DA:109,10
DA:110,10
DA:121,1
DA:122,2
DA:124,2
DA:125,2
DA:127,2
DA:128,2
DA:132,2
DA:142,1
DA:143,3
DA:145,3
DA:146,2
DA:148,3
DA:149,2
DA:150,2
DA:152,1
DA:156,1
DA:160,1
LF:61
LH:56
BRDA:5,1,0,0
BRDA:5,1,1,0
BRDA:24,2,0,4
BRDA:24,2,1,0
BRDA:74,3,0,0
BRDA:74,3,1,0
BRDA:127,4,0,2
BRDA:127,4,1,0
BRDA:148,5,0,2
BRDA:148,5,1,1
BRF:10
BRH:4
end_of_record
